2022-03-06 15:55:53,632 - roots-online - INFO - open url:https://www.roots.com/on/demandware.store/Sites-RootsCA-Site/en_CA/Account-Show
2022-03-06 15:55:53,840 - roots-online - INFO - maxmize the window
2022-03-06 15:55:55,887 - roots-online - ERROR - cannot find the element
2022-03-06 15:55:55,888 - roots-online - ERROR - the element is unclickable('xpath', "//span[@class='ui-icon ui-icon-closethick']")
2022-03-06 15:55:55,889 - roots-online - INFO - close the popup
2022-03-06 15:55:58,086 - roots-online - INFO - input the text1659145340@qq.com
2022-03-06 15:55:58,341 - roots-online - INFO - input the text1204fighting
2022-03-06 15:55:59,431 - roots-online - INFO - click the element:('id', 'lbl_dwfrm_login_rememberme')
2022-03-06 15:56:04,217 - roots-online - INFO - click the element:('id', 'login')
2022-03-06 15:56:05,222 - roots-online - INFO - click the element:('id', 'searchInput')
2022-03-06 15:56:05,394 - roots-online - INFO - input the textsweater
2022-03-06 15:56:10,058 - roots-online - INFO - click the element:('xpath', "//div[contains(@class,'desktopRefinements')]//div[contains(@class,'categoryrefinement')]/h3/span")
2022-03-06 15:56:12,620 - roots-online - INFO - click the element:('xpath', "//span[text()='Personalized']")
2022-03-06 15:56:19,413 - roots-online - INFO - click the element:('xpath', "//a[contains(text(),'NOMAD MIX')]")
2022-03-06 15:56:22,049 - roots-online - INFO - click the element:('xpath', "//a[@title='Extra Small']/span[text()='XS']")
2022-03-06 15:56:24,296 - roots-online - INFO - click the element:('xpath', "//div[@class='qty-block-increase']/span[@class='increase-qty unselectable']")
2022-03-06 15:56:26,665 - roots-online - INFO - click the element:('xpath', "//button[@id='add-to-cart']")
2022-03-06 15:56:32,079 - roots-online - INFO - click the element:('xpath', "//a[contains(@class,'mini-cart-link-cart')]")
2022-03-06 15:56:34,382 - roots-online - INFO - click the element:('xpath', "//span[@class='qty-icon minus']")
2022-03-06 15:56:36,642 - roots-online - INFO - click the element:('xpath', "//button[@id='sendgift']//span[@class='root-plus']")
2022-03-06 15:56:38,886 - roots-online - INFO - input the textgood luck!
2022-03-06 15:56:41,134 - roots-online - INFO - click the element:('xpath', "//button[@id='savegiftdetails']")
2022-03-06 15:56:46,570 - roots-online - INFO - click the element:('xpath', "//a[contains(@class,'button-text')]")
2022-03-06 15:56:48,634 - roots-online - INFO - get text: Want to Pick it up In-Store?
2022-03-06 15:56:48,635 - roots-online - INFO - PASS
2022-03-06 15:56:51,483 - roots-online - INFO - quit the driver
2022-03-06 15:57:07,795 - roots-online - ERROR - cannot open the webpage
2022-03-06 15:57:32,858 - roots-online - INFO - send successfully
2022-03-06 15:59:32,244 - roots-online - INFO - open url:https://www.roots.com/on/demandware.store/Sites-RootsCA-Site/en_CA/Account-Show
2022-03-06 15:59:32,688 - roots-online - INFO - maxmize the window
2022-03-06 15:59:34,745 - roots-online - ERROR - cannot find the element
2022-03-06 15:59:34,747 - roots-online - ERROR - the element is unclickable('xpath', "//span[@class='ui-icon ui-icon-closethick']")
2022-03-06 15:59:34,749 - roots-online - INFO - close the popup
2022-03-06 15:59:36,937 - roots-online - INFO - input the text1659145340@qq.com
2022-03-06 15:59:37,162 - roots-online - INFO - input the text1204fighting
2022-03-06 15:59:38,246 - roots-online - INFO - click the element:('id', 'lbl_dwfrm_login_rememberme')
2022-03-06 15:59:42,079 - roots-online - INFO - click the element:('id', 'login')
2022-03-06 15:59:42,081 - roots-online - ERROR - cannot find the elements
2022-03-06 15:59:42,081 - roots-online - ERROR - the elements is unclickable
2022-03-06 15:59:42,083 - roots-online - ERROR - cannot find the element
2022-03-06 15:59:42,084 - roots-online - ERROR - the element is unclickable('id', 'searchInput')
2022-03-06 15:59:42,085 - roots-online - ERROR - cannot find the element
2022-03-06 15:59:42,086 - roots-online - ERROR - misinput
2022-03-06 15:59:42,087 - roots-online - ERROR - cannot find the element
2022-03-06 15:59:43,942 - roots-online - INFO - open url:https://www.roots.com/on/demandware.store/Sites-RootsCA-Site/en_CA/Account-Show
2022-03-06 15:59:43,951 - roots-online - INFO - maxmize the window
2022-03-06 15:59:45,983 - roots-online - ERROR - cannot find the element
2022-03-06 15:59:45,988 - roots-online - ERROR - the element is unclickable('xpath', "//span[@class='ui-icon ui-icon-closethick']")
2022-03-06 15:59:45,990 - roots-online - INFO - close the popup
2022-03-06 15:59:48,026 - roots-online - ERROR - cannot find the element
2022-03-06 15:59:48,026 - roots-online - ERROR - misinput
2022-03-06 15:59:48,051 - roots-online - ERROR - cannot find the element
2022-03-06 15:59:48,051 - roots-online - ERROR - misinput
2022-03-06 15:59:49,089 - roots-online - ERROR - cannot find the element
2022-03-06 15:59:49,095 - roots-online - ERROR - the element is unclickable('id', 'lbl_dwfrm_login_rememberme')
2022-03-06 15:59:50,130 - roots-online - ERROR - cannot find the element
2022-03-06 15:59:50,131 - roots-online - ERROR - the element is unclickable('id', 'login')
2022-03-06 15:59:50,135 - roots-online - ERROR - cannot find the elements
2022-03-06 15:59:50,138 - roots-online - ERROR - the elements is unclickable
2022-03-06 15:59:52,153 - roots-online - ERROR - cannot find the element
2022-03-06 15:59:52,154 - roots-online - ERROR - the element is unclickable('xpath', "//a[contains(@class,'mini-cart-link-cart')]")
2022-03-06 16:04:06,038 - roots-online - INFO - open url:https://www.roots.com/on/demandware.store/Sites-RootsCA-Site/en_CA/Account-Show
2022-03-06 16:04:06,554 - roots-online - INFO - maxmize the window
2022-03-06 16:04:08,587 - roots-online - ERROR - cannot find the element
2022-03-06 16:04:08,590 - roots-online - ERROR - the element is unclickable('xpath', "//span[@class='ui-icon ui-icon-closethick']")
2022-03-06 16:04:08,591 - roots-online - INFO - close the popup
2022-03-06 16:04:10,799 - roots-online - INFO - input the text1659145340@qq.com
2022-03-06 16:04:11,031 - roots-online - INFO - input the text1204fighting
2022-03-06 16:04:12,100 - roots-online - INFO - click the element:('id', 'lbl_dwfrm_login_rememberme')
2022-03-06 16:04:15,639 - roots-online - INFO - click the element:('id', 'login')
2022-03-06 16:04:16,141 - roots-online - INFO - click the element:('id', 'searchInput')
2022-03-06 16:04:16,365 - roots-online - INFO - input the textsweater
2022-03-06 16:04:17,607 - roots-online - ERROR - the element is unclickable('xpath', "//div[contains(@class,'desktopRefinements')]//div[contains(@class,'categoryrefinement')]/h3/span")
2022-03-06 16:04:17,611 - roots-online - ERROR - cannot find the elements
2022-03-06 16:04:17,612 - roots-online - ERROR - the elements is unclickable
2022-03-06 16:04:19,621 - roots-online - ERROR - cannot find the element
2022-03-06 16:04:19,622 - roots-online - ERROR - the element is unclickable('xpath', "//span[text()='Personalized']")
2022-03-06 16:04:19,624 - roots-online - ERROR - cannot find the elements
2022-03-06 16:04:19,625 - roots-online - ERROR - the elements is unclickable
2022-03-06 16:04:21,640 - roots-online - ERROR - cannot find the elements
2022-03-06 16:04:21,643 - roots-online - ERROR - the elements is unclickable
2022-03-06 16:04:21,647 - roots-online - ERROR - cannot find the element
2022-03-06 16:04:21,649 - roots-online - ERROR - the element is unclickable('xpath', "//a[contains(text(),'NOMAD MIX')]")
2022-03-06 16:04:23,703 - roots-online - ERROR - cannot find the element
2022-03-06 16:04:23,704 - roots-online - ERROR - the element is unclickable('xpath', "//a[@title='Extra Small']/span[text()='XS']")
2022-03-06 16:04:25,727 - roots-online - ERROR - cannot find the element
2022-03-06 16:04:25,729 - roots-online - ERROR - the element is unclickable('xpath', "//div[@class='qty-block-increase']/span[@class='increase-qty unselectable']")
2022-03-06 16:04:27,748 - roots-online - ERROR - cannot find the element
2022-03-06 16:04:27,750 - roots-online - ERROR - the element is unclickable('xpath', "//button[@id='add-to-cart']")
2022-03-06 16:04:29,763 - roots-online - ERROR - cannot find the element
2022-03-06 16:04:29,764 - roots-online - ERROR - the element is unclickable('xpath', "//a[contains(@class,'mini-cart-link-cart')]")
2022-03-06 16:04:31,773 - roots-online - ERROR - cannot find the element
2022-03-06 16:04:31,775 - roots-online - ERROR - the element is unclickable('xpath', "//span[@class='qty-icon minus']")
